Copyright 1986-2022 Xilinx, Inc. All Rights Reserved. Copyright 2022-2023 Advanced Micro Devices, Inc. All Rights Reserved.
-------------------------------------------------------------------------------------------------------------------------------------------------
| Tool Version     : Vivado v.2023.1 (win64) Build 3865809 Sun May  7 15:05:29 MDT 2023
| Date             : Tue Jan  7 17:16:26 2025
| Host             : nb555 running 64-bit major release  (build 9200)
| Command          : report_power -file top_power_routed.rpt -pb top_power_summary_routed.pb -rpx top_power_routed.rpx
| Design           : top
| Device           : xc7a100tcsg324-1
| Design State     : routed
| Grade            : commercial
| Process          : typical
| Characterization : Production
-------------------------------------------------------------------------------------------------------------------------------------------------

Power Report

Table of Contents
-----------------
1. Summary
1.1 On-Chip Components
1.2 Power Supply Summary
1.3 Confidence Level
2. Settings
2.1 Environment
2.2 Clock Constraints
3. Detailed Reports
3.1 By Hierarchy

1. Summary
----------

+--------------------------+--------------+
| Total On-Chip Power (W)  | 0.441        |
| Design Power Budget (W)  | Unspecified* |
| Power Budget Margin (W)  | NA           |
| Dynamic (W)              | 0.336        |
| Device Static (W)        | 0.105        |
| Effective TJA (C/W)      | 4.6          |
| Max Ambient (C)          | 83.0         |
| Junction Temperature (C) | 27.0         |
| Confidence Level         | Low          |
| Setting File             | ---          |
| Simulation Activity File | ---          |
| Design Nets Matched      | NA           |
+--------------------------+--------------+
* Specify Design Power Budget using, set_operating_conditions -design_power_budget <value in Watts>


1.1 On-Chip Components
----------------------

+----------------+-----------+----------+-----------+-----------------+
| On-Chip        | Power (W) | Used     | Available | Utilization (%) |
+----------------+-----------+----------+-----------+-----------------+
| Clocks         |     0.018 |        5 |       --- |             --- |
| Slice Logic    |     0.005 |     8175 |       --- |             --- |
|   LUT as Logic |     0.004 |     3492 |     63400 |            5.51 |
|   CARRY4       |     0.001 |      893 |     15850 |            5.63 |
|   Register     |    <0.001 |     2745 |    126800 |            2.16 |
|   F7/F8 Muxes  |    <0.001 |       34 |     63400 |            0.05 |
|   Others       |     0.000 |      323 |       --- |             --- |
| Signals        |     0.014 |     5575 |       --- |             --- |
| Block RAM      |     0.161 |      135 |       135 |          100.00 |
| MMCM           |     0.122 |        1 |         6 |           16.67 |
| I/O            |     0.016 |       70 |       210 |           33.33 |
| Static Power   |     0.105 |          |           |                 |
| Total          |     0.441 |          |           |                 |
+----------------+-----------+----------+-----------+-----------------+


1.2 Power Supply Summary
------------------------

+-----------+-------------+-----------+-------------+------------+-------------+-------------+------------+
| Source    | Voltage (V) | Total (A) | Dynamic (A) | Static (A) | Powerup (A) | Budget (A)  | Margin (A) |
+-----------+-------------+-----------+-------------+------------+-------------+-------------+------------+
| Vccint    |       1.000 |     0.204 |       0.184 |      0.020 |       NA    | Unspecified | NA         |
| Vccaux    |       1.800 |     0.086 |       0.068 |      0.018 |       NA    | Unspecified | NA         |
| Vcco33    |       3.300 |     0.008 |       0.004 |      0.004 |       NA    | Unspecified | NA         |
| Vcco25    |       2.500 |     0.000 |       0.000 |      0.000 |       NA    | Unspecified | NA         |
| Vcco18    |       1.800 |     0.000 |       0.000 |      0.000 |       NA    | Unspecified | NA         |
| Vcco15    |       1.500 |     0.000 |       0.000 |      0.000 |       NA    | Unspecified | NA         |
| Vcco135   |       1.350 |     0.000 |       0.000 |      0.000 |       NA    | Unspecified | NA         |
| Vcco12    |       1.200 |     0.000 |       0.000 |      0.000 |       NA    | Unspecified | NA         |
| Vccaux_io |       1.800 |     0.000 |       0.000 |      0.000 |       NA    | Unspecified | NA         |
| Vccbram   |       1.000 |     0.018 |       0.014 |      0.004 |       NA    | Unspecified | NA         |
| MGTAVcc   |       1.000 |     0.000 |       0.000 |      0.000 |       NA    | Unspecified | NA         |
| MGTAVtt   |       1.200 |     0.000 |       0.000 |      0.000 |       NA    | Unspecified | NA         |
| Vccadc    |       1.800 |     0.020 |       0.000 |      0.020 |       NA    | Unspecified | NA         |
+-----------+-------------+-----------+-------------+------------+-------------+-------------+------------+


1.3 Confidence Level
--------------------

+-----------------------------+------------+--------------------------------------------------------+------------------------------------------------------------------------------------------------------------+
| User Input Data             | Confidence | Details                                                | Action                                                                                                     |
+-----------------------------+------------+--------------------------------------------------------+------------------------------------------------------------------------------------------------------------+
| Design implementation state | High       | Design is routed                                       |                                                                                                            |
| Clock nodes activity        | High       | User specified more than 95% of clocks                 |                                                                                                            |
| I/O nodes activity          | Low        | More than 75% of inputs are missing user specification | Provide missing input activity with simulation results or by editing the "By Resource Type -> I/Os" view   |
| Internal nodes activity     | Medium     | User specified less than 25% of internal nodes         | Provide missing internal nodes activity with simulation results or by editing the "By Resource Type" views |
| Device models               | High       | Device models are Production                           |                                                                                                            |
|                             |            |                                                        |                                                                                                            |
| Overall confidence level    | Low        |                                                        |                                                                                                            |
+-----------------------------+------------+--------------------------------------------------------+------------------------------------------------------------------------------------------------------------+


2. Settings
-----------

2.1 Environment
---------------

+-----------------------+--------------------------+
| Ambient Temp (C)      | 25.0                     |
| ThetaJA (C/W)         | 4.6                      |
| Airflow (LFM)         | 250                      |
| Heat Sink             | medium (Medium Profile)  |
| ThetaSA (C/W)         | 4.6                      |
| Board Selection       | medium (10"x10")         |
| # of Board Layers     | 12to15 (12 to 15 Layers) |
| Board Temperature (C) | 25.0                     |
+-----------------------+--------------------------+


2.2 Clock Constraints
---------------------

+---------------------------+-----------------------------------------------------+-----------------+
| Clock                     | Domain                                              | Constraint (ns) |
+---------------------------+-----------------------------------------------------+-----------------+
| clk                       | clk                                                 |            10.0 |
| clkfbout_clock_generator  | clock_generator_inst/inst/clkfbout_clock_generator  |            50.0 |
| video_clk_clock_generator | clock_generator_inst/inst/video_clk_clock_generator |            15.4 |
+---------------------------+-----------------------------------------------------+-----------------+


3. Detailed Reports
-------------------

3.1 By Hierarchy
----------------

+-----------------------------+-----------+
| Name                        | Power (W) |
+-----------------------------+-----------+
| top                         |     0.336 |
|   ball                      |     0.002 |
|     xmp_rom_wrapper_inst    |     0.001 |
|       xpm_memory_sprom_inst |     0.001 |
|   clock_generator_inst      |     0.122 |
|     inst                    |     0.122 |
|   sprites[0].sprite_inst    |     0.004 |
|     xmp_rom_wrapper_inst    |     0.003 |
|       xpm_memory_sprom_inst |     0.003 |
|   sprites[10].sprite_inst   |     0.004 |
|     xmp_rom_wrapper_inst    |     0.003 |
|       xpm_memory_sprom_inst |     0.003 |
|   sprites[11].sprite_inst   |     0.004 |
|     xmp_rom_wrapper_inst    |     0.003 |
|       xpm_memory_sprom_inst |     0.003 |
|   sprites[12].sprite_inst   |     0.003 |
|     xmp_rom_wrapper_inst    |     0.003 |
|       xpm_memory_sprom_inst |     0.003 |
|   sprites[13].sprite_inst   |     0.003 |
|     xmp_rom_wrapper_inst    |     0.003 |
|       xpm_memory_sprom_inst |     0.003 |
|   sprites[14].sprite_inst   |     0.003 |
|     xmp_rom_wrapper_inst    |     0.003 |
|       xpm_memory_sprom_inst |     0.003 |
|   sprites[15].sprite_inst   |     0.003 |
|     xmp_rom_wrapper_inst    |     0.003 |
|       xpm_memory_sprom_inst |     0.003 |
|   sprites[16].sprite_inst   |     0.003 |
|     xmp_rom_wrapper_inst    |     0.003 |
|       xpm_memory_sprom_inst |     0.003 |
|   sprites[17].sprite_inst   |     0.003 |
|     xmp_rom_wrapper_inst    |     0.003 |
|       xpm_memory_sprom_inst |     0.003 |
|   sprites[18].sprite_inst   |     0.003 |
|     xmp_rom_wrapper_inst    |     0.003 |
|       xpm_memory_sprom_inst |     0.003 |
|   sprites[19].sprite_inst   |     0.003 |
|     xmp_rom_wrapper_inst    |     0.003 |
|       xpm_memory_sprom_inst |     0.003 |
|   sprites[1].sprite_inst    |     0.003 |
|     xmp_rom_wrapper_inst    |     0.003 |
|       xpm_memory_sprom_inst |     0.003 |
|   sprites[20].sprite_inst   |     0.003 |
|     xmp_rom_wrapper_inst    |     0.003 |
|       xpm_memory_sprom_inst |     0.003 |
|   sprites[21].sprite_inst   |     0.003 |
|     xmp_rom_wrapper_inst    |     0.003 |
|       xpm_memory_sprom_inst |     0.003 |
|   sprites[22].sprite_inst   |     0.003 |
|     xmp_rom_wrapper_inst    |     0.003 |
|       xpm_memory_sprom_inst |     0.003 |
|   sprites[23].sprite_inst   |     0.003 |
|     xmp_rom_wrapper_inst    |     0.003 |
|       xpm_memory_sprom_inst |     0.003 |
|   sprites[24].sprite_inst   |     0.003 |
|     xmp_rom_wrapper_inst    |     0.003 |
|       xpm_memory_sprom_inst |     0.003 |
|   sprites[25].sprite_inst   |     0.003 |
|     xmp_rom_wrapper_inst    |     0.003 |
|       xpm_memory_sprom_inst |     0.003 |
|   sprites[26].sprite_inst   |     0.003 |
|     xmp_rom_wrapper_inst    |     0.003 |
|       xpm_memory_sprom_inst |     0.003 |
|   sprites[27].sprite_inst   |     0.003 |
|     xmp_rom_wrapper_inst    |     0.003 |
|       xpm_memory_sprom_inst |     0.003 |
|   sprites[28].sprite_inst   |     0.003 |
|     xmp_rom_wrapper_inst    |     0.003 |
|       xpm_memory_sprom_inst |     0.003 |
|   sprites[29].sprite_inst   |     0.003 |
|     xmp_rom_wrapper_inst    |     0.003 |
|       xpm_memory_sprom_inst |     0.003 |
|   sprites[2].sprite_inst    |     0.003 |
|     xmp_rom_wrapper_inst    |     0.003 |
|       xpm_memory_sprom_inst |     0.003 |
|   sprites[30].sprite_inst   |     0.003 |
|     xmp_rom_wrapper_inst    |     0.003 |
|       xpm_memory_sprom_inst |     0.003 |
|   sprites[31].sprite_inst   |     0.003 |
|     xmp_rom_wrapper_inst    |     0.003 |
|       xpm_memory_sprom_inst |     0.003 |
|   sprites[32].sprite_inst   |     0.003 |
|     xmp_rom_wrapper_inst    |     0.003 |
|       xpm_memory_sprom_inst |     0.003 |
|   sprites[33].sprite_inst   |     0.003 |
|     xmp_rom_wrapper_inst    |     0.003 |
|       xpm_memory_sprom_inst |     0.003 |
|   sprites[34].sprite_inst   |     0.003 |
|     xmp_rom_wrapper_inst    |     0.003 |
|       xpm_memory_sprom_inst |     0.003 |
|   sprites[35].sprite_inst   |     0.004 |
|     xmp_rom_wrapper_inst    |     0.003 |
|       xpm_memory_sprom_inst |     0.003 |
|   sprites[36].sprite_inst   |     0.003 |
|     xmp_rom_wrapper_inst    |     0.003 |
|       xpm_memory_sprom_inst |     0.003 |
|   sprites[37].sprite_inst   |     0.003 |
|     xmp_rom_wrapper_inst    |     0.003 |
|       xpm_memory_sprom_inst |     0.003 |
|   sprites[3].sprite_inst    |     0.003 |
|     xmp_rom_wrapper_inst    |     0.003 |
|       xpm_memory_sprom_inst |     0.003 |
|   sprites[48].sprite_inst   |     0.004 |
|     xmp_rom_wrapper_inst    |     0.003 |
|       xpm_memory_sprom_inst |     0.003 |
|   sprites[49].sprite_inst   |     0.003 |
|     xmp_rom_wrapper_inst    |     0.003 |
|       xpm_memory_sprom_inst |     0.003 |
|   sprites[4].sprite_inst    |     0.003 |
|     xmp_rom_wrapper_inst    |     0.003 |
|       xpm_memory_sprom_inst |     0.003 |
|   sprites[50].sprite_inst   |     0.003 |
|     xmp_rom_wrapper_inst    |     0.003 |
|       xpm_memory_sprom_inst |     0.003 |
|   sprites[51].sprite_inst   |     0.003 |
|     xmp_rom_wrapper_inst    |     0.003 |
|       xpm_memory_sprom_inst |     0.003 |
|   sprites[52].sprite_inst   |     0.003 |
|     xmp_rom_wrapper_inst    |     0.003 |
|       xpm_memory_sprom_inst |     0.003 |
|   sprites[53].sprite_inst   |     0.003 |
|     xmp_rom_wrapper_inst    |     0.003 |
|       xpm_memory_sprom_inst |     0.003 |
|   sprites[54].sprite_inst   |     0.003 |
|     xmp_rom_wrapper_inst    |     0.003 |
|       xpm_memory_sprom_inst |     0.003 |
|   sprites[55].sprite_inst   |     0.003 |
|     xmp_rom_wrapper_inst    |     0.003 |
|       xpm_memory_sprom_inst |     0.003 |
|   sprites[56].sprite_inst   |     0.003 |
|     xmp_rom_wrapper_inst    |     0.003 |
|       xpm_memory_sprom_inst |     0.003 |
|   sprites[57].sprite_inst   |     0.003 |
|     xmp_rom_wrapper_inst    |     0.003 |
|       xpm_memory_sprom_inst |     0.003 |
|   sprites[58].sprite_inst   |     0.003 |
|     xmp_rom_wrapper_inst    |     0.003 |
|       xpm_memory_sprom_inst |     0.003 |
|   sprites[59].sprite_inst   |     0.003 |
|     xmp_rom_wrapper_inst    |     0.003 |
|       xpm_memory_sprom_inst |     0.003 |
|   sprites[5].sprite_inst    |     0.003 |
|     xmp_rom_wrapper_inst    |     0.003 |
|       xpm_memory_sprom_inst |     0.003 |
|   sprites[60].sprite_inst   |     0.003 |
|     xmp_rom_wrapper_inst    |     0.003 |
|       xpm_memory_sprom_inst |     0.003 |
|   sprites[61].sprite_inst   |     0.003 |
|     xmp_rom_wrapper_inst    |     0.003 |
|       xpm_memory_sprom_inst |     0.003 |
|   sprites[62].sprite_inst   |     0.003 |
|     xmp_rom_wrapper_inst    |     0.003 |
|       xpm_memory_sprom_inst |     0.003 |
|   sprites[63].sprite_inst   |     0.004 |
|     xmp_rom_wrapper_inst    |     0.003 |
|       xpm_memory_sprom_inst |     0.003 |
|   sprites[6].sprite_inst    |     0.003 |
|     xmp_rom_wrapper_inst    |     0.003 |
|       xpm_memory_sprom_inst |     0.003 |
|   sprites[7].sprite_inst    |     0.003 |
|     xmp_rom_wrapper_inst    |     0.003 |
|       xpm_memory_sprom_inst |     0.003 |
|   sprites[8].sprite_inst    |     0.003 |
|     xmp_rom_wrapper_inst    |     0.003 |
|       xpm_memory_sprom_inst |     0.003 |
|   sprites[9].sprite_inst    |     0.004 |
|     xmp_rom_wrapper_inst    |     0.003 |
|       xpm_memory_sprom_inst |     0.003 |
|   video_generator_inst      |     0.005 |
+-----------------------------+-----------+


